<?xml version='1.0'?>
<ns2:test-suite xmlns:ns2='urn:model.allure.qatools.yandex.ru' start='1632073695244' stop='1632073719298'>
    <name>Mercury LoginTest</name>
    <title>Mercury LoginTest</title>
    <test-cases>
        <test-case start='1632073695248' status='failed' stop='1632073712866'>
            <name>verify title</name>
            <title>verify title</title>
            <labels>
                <label name='language' value='javascript'/>
                <label name='framework' value='wdio'/>
                <label name='thread' value='0-1'/>
            </labels>
            <parameters>
                <parameter kind='argument' name='browser' value='chrome-93.0.4577.82'/>
            </parameters>
            <steps/>
            <attachments>
                <attachment title='Screenshot' source='1e2fbfe7-b7e9-4196-9fdf-13b884d557a2-attachment.png' type='image/png' size='119377'/>
            </attachments>
            <failure>
                <message>title is not displayed as expected: expected 'Welcome: Mercury Tours' to equal 'Welcome: Mercury Tours123'      
                      actual expected
                      
                      'Welcome: Mercury ToursTours123'
                      </message>
                <stack-trace>AssertionError: title is not displayed as expected: expected 'Welcome: Mercury Tours' to equal 'Welcome: Mercury Tours123'
                    at Context.&lt;anonymous> (F:\Testing\WebDriverIO-PageObjectModelFramework\test\specs\loginTest.js:16:16)
                    at Context.executeSync (F:\Testing\WebDriverIO-PageObjectModelFramework\node_modules\@wdio\sync\build\index.js:38:22)
                    at F:\Testing\WebDriverIO-PageObjectModelFramework\node_modules\@wdio\sync\build\index.js:69:68</stack-trace>
            </failure>
        </test-case>
        <test-case start='1632073712867' status='passed' stop='1632073714524'>
            <name>verify Sign-In</name>
            <title>verify Sign-In</title>
            <labels>
                <label name='language' value='javascript'/>
                <label name='framework' value='wdio'/>
                <label name='thread' value='0-1'/>
            </labels>
            <parameters>
                <parameter kind='argument' name='browser' value='chrome-93.0.4577.82'/>
            </parameters>
            <steps/>
            <attachments/>
        </test-case>
        <test-case start='1632073714526' status='passed' stop='1632073719297'>
            <name>verify login</name>
            <title>verify login</title>
            <labels>
                <label name='language' value='javascript'/>
                <label name='framework' value='wdio'/>
                <label name='thread' value='0-1'/>
            </labels>
            <parameters>
                <parameter kind='argument' name='browser' value='chrome-93.0.4577.82'/>
            </parameters>
            <steps/>
            <attachments/>
        </test-case>
    </test-cases>
</ns2:test-suite>