<?xml version='1.0'?>
<ns2:test-suite xmlns:ns2='urn:model.allure.qatools.yandex.ru' start='1632107498897' stop='1632107509907'>
    <name>Mercury LoginTest</name>
    <title>Mercury LoginTest</title>
    <test-cases>
        <test-case start='1632107498900' status='failed' stop='1632107504560'>
            <name>verify title</name>
            <title>verify title</title>
            <labels>
                <label name='language' value='javascript'/>
                <label name='framework' value='wdio'/>
                <label name='thread' value='1-1'/>
            </labels>
            <parameters>
                <parameter kind='argument' name='browser' value='firefox-92.0'/>
            </parameters>
            <steps/>
            <attachments>
                <attachment title='Screenshot' source='21e7a571-963e-4e5f-b9ee-23768c37c2cf-attachment.png' type='image/png' size='74290'/>
            </attachments>
            <failure>
                <message>title is not displayed as expected: expected 'Welcome: Mercury Tours' to equal 'Welcome: Mercury Tours123'      
                      actual expected
                      
                      'Welcome: Mercury ToursTours123'
                      </message>
                <stack-trace>AssertionError: title is not displayed as expected: expected 'Welcome: Mercury Tours' to equal 'Welcome: Mercury Tours123'
                    at Context.&lt;anonymous> (F:\Testing\WebDriverIO-PageObjectModelFramework\test\specs\loginTest.js:16:16)
                    at Context.executeSync (F:\Testing\WebDriverIO-PageObjectModelFramework\node_modules\@wdio\sync\build\index.js:38:22)
                    at F:\Testing\WebDriverIO-PageObjectModelFramework\node_modules\@wdio\sync\build\index.js:69:68</stack-trace>
            </failure>
        </test-case>
        <test-case start='1632107504565' status='passed' stop='1632107505320'>
            <name>verify Sign-In</name>
            <title>verify Sign-In</title>
            <labels>
                <label name='language' value='javascript'/>
                <label name='framework' value='wdio'/>
                <label name='thread' value='1-1'/>
            </labels>
            <parameters>
                <parameter kind='argument' name='browser' value='firefox-92.0'/>
            </parameters>
            <steps/>
            <attachments/>
        </test-case>
        <test-case start='1632107505322' status='passed' stop='1632107509903'>
            <name>verify login</name>
            <title>verify login</title>
            <labels>
                <label name='language' value='javascript'/>
                <label name='framework' value='wdio'/>
                <label name='thread' value='1-1'/>
            </labels>
            <parameters>
                <parameter kind='argument' name='browser' value='firefox-92.0'/>
            </parameters>
            <steps/>
            <attachments/>
        </test-case>
    </test-cases>
</ns2:test-suite>